Loading db file '/home/cell_library/CBDK_IC_Contest_v2.5/SynopsysDC/db/slow.db'
Information: Propagating switching activity (low effort zero delay simulation). (PWR-6)
Warning: Design has unannotated primary inputs. (PWR-414)
Warning: Design has unannotated sequential cell outputs. (PWR-415)
 
****************************************
Report : power
        -analysis_effort low
Design : qr_cordic
Version: U-2022.12
Date   : Sat May 25 05:33:40 2024
****************************************


Library(s) Used:

    slow (File: /home/cell_library/CBDK_IC_Contest_v2.5/SynopsysDC/db/slow.db)


Operating Conditions: slow   Library: slow
Wire Load Model Mode: top

Design        Wire Load Model            Library
------------------------------------------------
qr_cordic              tsmc13_wl10       slow


Global Operating Voltage = 1.08 
Power-specific unit information :
    Voltage Units = 1V
    Capacitance Units = 1.000000pf
    Time Units = 1ns
    Dynamic Power Units = 1mW    (derived from V,C,T units)
    Leakage Power Units = 1pW


Attributes
----------
i - Including register clock pin internal power


  Cell Internal Power  =   4.7387 mW   (63%)
  Net Switching Power  =   2.8009 mW   (37%)
                         ---------
Total Dynamic Power    =   7.5396 mW  (100%)

Cell Leakage Power     =   1.0641 mW


                 Internal         Switching           Leakage            Total
Power Group      Power            Power               Power              Power   (   %    )  Attrs
--------------------------------------------------------------------------------------------------
io_pad             0.0000            0.0000            0.0000            0.0000  (   0.00%)
memory             0.0000            0.0000            0.0000            0.0000  (   0.00%)
black_box          0.0000            0.0000            0.0000            0.0000  (   0.00%)
clock_network      3.7705            0.0000            0.0000            3.7705  (  43.82%)  i
register       7.0049e-02        8.4939e-02        7.1503e+07            0.2265  (   2.63%)
sequential         0.0000            0.0000            0.0000            0.0000  (   0.00%)
combinational      0.8982            2.7159        9.9259e+08            4.6067  (  53.54%)
--------------------------------------------------------------------------------------------------
Total              4.7387 mW         2.8008 mW     1.0641e+09 pW         8.6037 mW
1
